<?xml version="1.0" encoding="UTF-8"?>
<!-- Generated by org.testng.reporters.JUnitXMLReporter -->
<testsuite hostname="INGUEUCLP000666" name="Command line test" tests="2" failures="1" timestamp="21 Feb 2018 15:24:40 GMT" time="40.809" errors="0">
  <testcase name="testLoginIntoFreeCRM" time="12.157" classname="com.example.ProjectTest"/>
  <testcase name="testVerifyHomePageTitle" time="15.587" classname="com.example.ProjectTest">
    <failure type="java.lang.AssertionError" message="expected [FreeCRM] but found [CRMPRO]">
      <![CDATA[java.lang.AssertionError: expected [FreeCRM] but found [CRMPRO]
	at com.example.ProjectTest.testVerifyHomePageTitle(ProjectTest.java:59)
... Removed 38 stack frames]]>
    </failure>
  </testcase> <!-- testVerifyHomePageTitle -->
</testsuite> <!-- Command line test -->
