<?xml version="1.0" encoding="UTF-8"?>
<testng-results skipped="0" failed="1" total="2" passed="1">
  <reporter-output>
  </reporter-output>
  <suite name="com.example.ProjectTest" duration-ms="40809" started-at="2018-02-21T15:23:59Z" finished-at="2018-02-21T15:24:40Z">
    <groups>
    </groups>
    <test name="Command line test" duration-ms="40809" started-at="2018-02-21T15:23:59Z" finished-at="2018-02-21T15:24:40Z">
      <class name="com.example.ProjectTest">
        <test-method status="PASS" signature="reportSetUp(java.lang.reflect.Method)[pri:0, instance:com.example.ProjectTest@17579e0f]" name="reportSetUp" is-config="true" duration-ms="14" started-at="2018-02-21T15:23:59Z" finished-at="2018-02-21T15:23:59Z">
          <params>
            <param index="0">
              <value>
                <![CDATA[public void com.example.ProjectTest.testLoginIntoFreeCRM()]]>
              </value>
            </param>
          </params>
          <reporter-output>
          </reporter-output>
        </test-method> <!-- reportSetUp -->
        <test-method status="PASS" signature="setUp()[pri:0, instance:com.example.ProjectTest@17579e0f]" name="setUp" is-config="true" duration-ms="4852" started-at="2018-02-21T15:23:59Z" finished-at="2018-02-21T15:24:04Z">
          <reporter-output>
          </reporter-output>
        </test-method> <!-- setUp -->
        <test-method status="PASS" signature="testLoginIntoFreeCRM()[pri:0, instance:com.example.ProjectTest@17579e0f]" name="testLoginIntoFreeCRM" duration-ms="12157" started-at="2018-02-21T15:24:04Z" finished-at="2018-02-21T15:24:17Z">
          <reporter-output>
          </reporter-output>
        </test-method> <!-- testLoginIntoFreeCRM -->
        <test-method status="PASS" signature="afterMethod(org.testng.ITestResult)[pri:0, instance:com.example.ProjectTest@17579e0f]" name="afterMethod" is-config="true" duration-ms="5" started-at="2018-02-21T15:24:17Z" finished-at="2018-02-21T15:24:17Z">
          <params>
            <param index="0">
              <value>
                <![CDATA[[TestResult name=testLoginIntoFreeCRM status=SUCCESS method=ProjectTest.testLoginIntoFreeCRM()[pri:0, instance:com.example.ProjectTest@17579e0f] output={null}]]]>
              </value>
            </param>
          </params>
          <reporter-output>
          </reporter-output>
        </test-method> <!-- afterMethod -->
        <test-method status="PASS" signature="tearDown()[pri:0, instance:com.example.ProjectTest@17579e0f]" name="tearDown" is-config="true" duration-ms="1080" started-at="2018-02-21T15:24:17Z" finished-at="2018-02-21T15:24:18Z">
          <reporter-output>
          </reporter-output>
        </test-method> <!-- tearDown -->
        <test-method status="PASS" signature="reportSetUp(java.lang.reflect.Method)[pri:0, instance:com.example.ProjectTest@17579e0f]" name="reportSetUp" is-config="true" duration-ms="3" started-at="2018-02-21T15:24:18Z" finished-at="2018-02-21T15:24:18Z">
          <params>
            <param index="0">
              <value>
                <![CDATA[public void com.example.ProjectTest.testVerifyHomePageTitle()]]>
              </value>
            </param>
          </params>
          <reporter-output>
          </reporter-output>
        </test-method> <!-- reportSetUp -->
        <test-method status="PASS" signature="setUp()[pri:0, instance:com.example.ProjectTest@17579e0f]" name="setUp" is-config="true" duration-ms="5019" started-at="2018-02-21T15:24:18Z" finished-at="2018-02-21T15:24:23Z">
          <reporter-output>
          </reporter-output>
        </test-method> <!-- setUp -->
        <test-method status="FAIL" signature="testVerifyHomePageTitle()[pri:0, instance:com.example.ProjectTest@17579e0f]" name="testVerifyHomePageTitle" duration-ms="15587" started-at="2018-02-21T15:24:23Z" finished-at="2018-02-21T15:24:38Z">
          <exception class="java.lang.AssertionError">
            <message>
              <![CDATA[expected [FreeCRM] but found [CRMPRO]]]>
            </message>
            <full-stacktrace>
              <![CDATA[java.lang.AssertionError: expected [FreeCRM] but found [CRMPRO]
	at org.testng.Assert.fail(Assert.java:94)
	at org.testng.Assert.failNotEquals(Assert.java:496)
	at org.testng.Assert.assertEquals(Assert.java:125)
	at org.testng.Assert.assertEquals(Assert.java:178)
	at org.testng.Assert.assertEquals(Assert.java:188)
	at com.example.ProjectTest.testVerifyHomePageTitle(ProjectTest.java:59)
	at sun.reflect.NativeMethodAccessorImpl.invoke0(Native Method)
	at sun.reflect.NativeMethodAccessorImpl.invoke(NativeMethodAccessorImpl.java:62)
	at sun.reflect.DelegatingMethodAccessorImpl.invoke(DelegatingMethodAccessorImpl.java:43)
	at java.lang.reflect.Method.invoke(Method.java:498)
	at org.testng.internal.MethodInvocationHelper.invokeMethod(MethodInvocationHelper.java:85)
	at org.testng.internal.Invoker.invokeMethod(Invoker.java:639)
	at org.testng.internal.Invoker.invokeTestMethod(Invoker.java:816)
	at org.testng.internal.Invoker.invokeTestMethods(Invoker.java:1124)
	at org.testng.internal.TestMethodWorker.invokeTestMethods(TestMethodWorker.java:125)
	at org.testng.internal.TestMethodWorker.run(TestMethodWorker.java:108)
	at org.testng.TestRunner.privateRun(TestRunner.java:774)
	at org.testng.TestRunner.run(TestRunner.java:624)
	at org.testng.SuiteRunner.runTest(SuiteRunner.java:359)
	at org.testng.SuiteRunner.runSequentially(SuiteRunner.java:354)
	at org.testng.SuiteRunner.privateRun(SuiteRunner.java:312)
	at org.testng.SuiteRunner.run(SuiteRunner.java:261)
	at org.testng.SuiteRunnerWorker.runSuite(SuiteRunnerWorker.java:52)
	at org.testng.SuiteRunnerWorker.run(SuiteRunnerWorker.java:86)
	at org.testng.TestNG.runSuitesSequentially(TestNG.java:1191)
	at org.testng.TestNG.runSuitesLocally(TestNG.java:1116)
	at org.testng.TestNG.run(TestNG.java:1024)
	at org.apache.maven.surefire.testng.TestNGExecutor.run(TestNGExecutor.java:77)
	at org.apache.maven.surefire.testng.TestNGDirectoryTestSuite.execute(TestNGDirectoryTestSuite.java:110)
	at org.apache.maven.surefire.testng.TestNGProvider.invoke(TestNGProvider.java:106)
	at sun.reflect.NativeMethodAccessorImpl.invoke0(Native Method)
	at sun.reflect.NativeMethodAccessorImpl.invoke(NativeMethodAccessorImpl.java:62)
	at sun.reflect.DelegatingMethodAccessorImpl.invoke(DelegatingMethodAccessorImpl.java:43)
	at java.lang.reflect.Method.invoke(Method.java:498)
	at org.apache.maven.surefire.util.ReflectionUtils.invokeMethodWithArray(ReflectionUtils.java:189)
	at org.apache.maven.surefire.booter.ProviderFactory$ProviderProxy.invoke(ProviderFactory.java:165)
	at org.apache.maven.surefire.booter.ProviderFactory.invokeProvider(ProviderFactory.java:85)
	at org.apache.maven.surefire.booter.ForkedBooter.runSuitesInProcess(ForkedBooter.java:115)
	at org.apache.maven.surefire.booter.ForkedBooter.main(ForkedBooter.java:75)
]]>
            </full-stacktrace>
          </exception> <!-- java.lang.AssertionError -->
          <reporter-output>
          </reporter-output>
        </test-method> <!-- testVerifyHomePageTitle -->
        <test-method status="PASS" signature="afterMethod(org.testng.ITestResult)[pri:0, instance:com.example.ProjectTest@17579e0f]" name="afterMethod" is-config="true" duration-ms="548" started-at="2018-02-21T15:24:38Z" finished-at="2018-02-21T15:24:39Z">
          <params>
            <param index="0">
              <value>
                <![CDATA[[TestResult name=testVerifyHomePageTitle status=FAILURE method=ProjectTest.testVerifyHomePageTitle()[pri:0, instance:com.example.ProjectTest@17579e0f] output={null}]]]>
              </value>
            </param>
          </params>
          <reporter-output>
          </reporter-output>
        </test-method> <!-- afterMethod -->
        <test-method status="PASS" signature="tearDown()[pri:0, instance:com.example.ProjectTest@17579e0f]" name="tearDown" is-config="true" duration-ms="1030" started-at="2018-02-21T15:24:39Z" finished-at="2018-02-21T15:24:40Z">
          <reporter-output>
          </reporter-output>
        </test-method> <!-- tearDown -->
        <test-method status="PASS" signature="endTest()[pri:0, instance:com.example.ProjectTest@17579e0f]" name="endTest" is-config="true" duration-ms="495" started-at="2018-02-21T15:24:40Z" finished-at="2018-02-21T15:24:40Z">
          <reporter-output>
          </reporter-output>
        </test-method> <!-- endTest -->
      </class> <!-- com.example.ProjectTest -->
    </test> <!-- Command line test -->
  </suite> <!-- com.example.ProjectTest -->
</testng-results>
