<?xml version="1.0" encoding="UTF-8" ?>
<testsuite tests="2" failures="1" name="com.example.ProjectTest" time="27.775" errors="0" skipped="0">
  <properties>
[...]
</properties>
  <testcase classname="com.example.ProjectTest" name="testLoginIntoFreeCRM" time="12.179"/>
  <testcase classname="com.example.ProjectTest" name="testVerifyHomePageTitle" time="15.596">
    <failure message="expected [FreeCRM] but found [CRMPRO]" type="java.lang.AssertionError">java.lang.AssertionError: expected [FreeCRM] but found [CRMPRO]
	at org.testng.Assert.fail(Assert.java:94)
	at org.testng.Assert.failNotEquals(Assert.java:496)
	at org.testng.Assert.assertEquals(Assert.java:125)
	at org.testng.Assert.assertEquals(Assert.java:178)
	at org.testng.Assert.assertEquals(Assert.java:188)
	at com.example.ProjectTest.testVerifyHomePageTitle(ProjectTest.java:59)
</failure>
    <system-out>Test Passed: testLoginIntoFreeCRM
Test Completed: testLoginIntoFreeCRM
****************************************************
Test Started: testVerifyHomePageTitle
C:\Selenium\SampleHipTest3
</system-out>
    <system-err>Starting ChromeDriver 2.33.506120 (e3e53437346286c0bc2d2dc9aa4915ba81d9023f) on port 48086
Only local connections are allowed.
Feb 21, 2018 3:24:23 PM org.openqa.selenium.remote.ProtocolHandshake createSession
INFO: Detected dialect: OSS
</system-err>
  </testcase>
</testsuite>