<?xml version="1.0" encoding="UTF-8"?>
<testng-results skipped="1" failed="1" total="2" passed="0">
  <reporter-output>
  </reporter-output>
  <suite name="Default suite" duration-ms="692" started-at="2018-03-05T11:46:39Z" finished-at="2018-03-05T11:46:39Z">
    <groups>
    </groups>
    <test name="Default test" duration-ms="692" started-at="2018-03-05T11:46:39Z" finished-at="2018-03-05T11:46:39Z">
      <class name="com.example.ProjectTest">
        <test-method status="PASS" signature="launchBrowser()[pri:0, instance:com.example.ProjectTest@4e718207]" name="launchBrowser" is-config="true" duration-ms="19" started-at="2018-03-05T11:46:39Z" finished-at="2018-03-05T11:46:39Z">
          <reporter-output>
          </reporter-output>
        </test-method> <!-- launchBrowser -->
        <test-method status="PASS" signature="reportSetUp(java.lang.reflect.Method)[pri:0, instance:com.example.ProjectTest@4e718207]" name="reportSetUp" is-config="true" duration-ms="7" started-at="2018-03-05T11:46:39Z" finished-at="2018-03-05T11:46:39Z">
          <params>
            <param index="0">
              <value>
                <![CDATA[public void com.example.ProjectTest.testLoginIntoFreeCRM() throws java.lang.Exception]]>
              </value>
            </param>
          </params>
          <reporter-output>
          </reporter-output>
        </test-method> <!-- reportSetUp -->
        <test-method status="PASS" signature="setUp()[pri:0, instance:com.example.ProjectTest@4e718207]" name="setUp" is-config="true" duration-ms="1" started-at="2018-03-05T11:46:39Z" finished-at="2018-03-05T11:46:39Z">
          <reporter-output>
          </reporter-output>
        </test-method> <!-- setUp -->
        <test-method status="FAIL" signature="testLoginIntoFreeCRM()[pri:0, instance:com.example.ProjectTest@4e718207]" name="testLoginIntoFreeCRM" duration-ms="50" started-at="2018-03-05T11:46:39Z" finished-at="2018-03-05T11:46:39Z">
          <exception class="java.lang.NullPointerException">
            <full-stacktrace>
              <![CDATA[java.lang.NullPointerException
	at com.getLocator.GetLocator.<init>(GetLocator.java:27)
	at com.example.ProjectTest.testLoginIntoFreeCRM(ProjectTest.java:38)
	at sun.reflect.NativeMethodAccessorImpl.invoke0(Native Method)
	at sun.reflect.NativeMethodAccessorImpl.invoke(NativeMethodAccessorImpl.java:62)
	at sun.reflect.DelegatingMethodAccessorImpl.invoke(DelegatingMethodAccessorImpl.java:43)
	at java.lang.reflect.Method.invoke(Method.java:498)
	at org.testng.internal.MethodInvocationHelper.invokeMethod(MethodInvocationHelper.java:85)
	at org.testng.internal.Invoker.invokeMethod(Invoker.java:639)
	at org.testng.internal.Invoker.invokeTestMethod(Invoker.java:816)
	at org.testng.internal.Invoker.invokeTestMethods(Invoker.java:1124)
	at org.testng.internal.TestMethodWorker.invokeTestMethods(TestMethodWorker.java:125)
	at org.testng.internal.TestMethodWorker.run(TestMethodWorker.java:108)
	at org.testng.TestRunner.privateRun(TestRunner.java:774)
	at org.testng.TestRunner.run(TestRunner.java:624)
	at org.testng.SuiteRunner.runTest(SuiteRunner.java:359)
	at org.testng.SuiteRunner.runSequentially(SuiteRunner.java:354)
	at org.testng.SuiteRunner.privateRun(SuiteRunner.java:312)
	at org.testng.SuiteRunner.run(SuiteRunner.java:261)
	at org.testng.SuiteRunnerWorker.runSuite(SuiteRunnerWorker.java:52)
	at org.testng.SuiteRunnerWorker.run(SuiteRunnerWorker.java:86)
	at org.testng.TestNG.runSuitesSequentially(TestNG.java:1191)
	at org.testng.TestNG.runSuitesLocally(TestNG.java:1116)
	at org.testng.TestNG.run(TestNG.java:1024)
	at org.testng.remote.AbstractRemoteTestNG.run(AbstractRemoteTestNG.java:114)
	at org.testng.remote.RemoteTestNG.initAndRun(RemoteTestNG.java:251)
	at org.testng.remote.RemoteTestNG.main(RemoteTestNG.java:77)
]]>
            </full-stacktrace>
          </exception> <!-- java.lang.NullPointerException -->
          <reporter-output>
          </reporter-output>
        </test-method> <!-- testLoginIntoFreeCRM -->
        <test-method status="FAIL" signature="afterMethod(org.testng.ITestResult)[pri:0, instance:com.example.ProjectTest@4e718207]" name="afterMethod" is-config="true" duration-ms="0" started-at="2018-03-05T11:46:39Z" finished-at="2018-03-05T11:46:39Z">
          <params>
            <param index="0">
              <value>
                <![CDATA[[TestResult name=testLoginIntoFreeCRM status=FAILURE method=ProjectTest.testLoginIntoFreeCRM()[pri:0, instance:com.example.ProjectTest@4e718207] output={null}]]]>
              </value>
            </param>
          </params>
          <exception class="java.lang.NullPointerException">
            <full-stacktrace>
              <![CDATA[java.lang.NullPointerException
	at com.testBase.Actionwords.takeScreenshot(Actionwords.java:117)
	at com.testBase.Actionwords.getresult(Actionwords.java:156)
	at com.testBase.Actionwords.afterMethod(Actionwords.java:259)
	at sun.reflect.NativeMethodAccessorImpl.invoke0(Native Method)
	at sun.reflect.NativeMethodAccessorImpl.invoke(NativeMethodAccessorImpl.java:62)
	at sun.reflect.DelegatingMethodAccessorImpl.invoke(DelegatingMethodAccessorImpl.java:43)
	at java.lang.reflect.Method.invoke(Method.java:498)
	at org.testng.internal.MethodInvocationHelper.invokeMethod(MethodInvocationHelper.java:85)
	at org.testng.internal.Invoker.invokeConfigurationMethod(Invoker.java:510)
	at org.testng.internal.Invoker.invokeConfigurations(Invoker.java:211)
	at org.testng.internal.Invoker.invokeMethod(Invoker.java:703)
	at org.testng.internal.Invoker.invokeTestMethod(Invoker.java:816)
	at org.testng.internal.Invoker.invokeTestMethods(Invoker.java:1124)
	at org.testng.internal.TestMethodWorker.invokeTestMethods(TestMethodWorker.java:125)
	at org.testng.internal.TestMethodWorker.run(TestMethodWorker.java:108)
	at org.testng.TestRunner.privateRun(TestRunner.java:774)
	at org.testng.TestRunner.run(TestRunner.java:624)
	at org.testng.SuiteRunner.runTest(SuiteRunner.java:359)
	at org.testng.SuiteRunner.runSequentially(SuiteRunner.java:354)
	at org.testng.SuiteRunner.privateRun(SuiteRunner.java:312)
	at org.testng.SuiteRunner.run(SuiteRunner.java:261)
	at org.testng.SuiteRunnerWorker.runSuite(SuiteRunnerWorker.java:52)
	at org.testng.SuiteRunnerWorker.run(SuiteRunnerWorker.java:86)
	at org.testng.TestNG.runSuitesSequentially(TestNG.java:1191)
	at org.testng.TestNG.runSuitesLocally(TestNG.java:1116)
	at org.testng.TestNG.run(TestNG.java:1024)
	at org.testng.remote.AbstractRemoteTestNG.run(AbstractRemoteTestNG.java:114)
	at org.testng.remote.RemoteTestNG.initAndRun(RemoteTestNG.java:251)
	at org.testng.remote.RemoteTestNG.main(RemoteTestNG.java:77)
]]>
            </full-stacktrace>
          </exception> <!-- java.lang.NullPointerException -->
          <reporter-output>
          </reporter-output>
        </test-method> <!-- afterMethod -->
        <test-method status="SKIP" signature="tearDown()[pri:0, instance:com.example.ProjectTest@4e718207]" name="tearDown" is-config="true" duration-ms="0" started-at="2018-03-05T11:46:39Z" finished-at="2018-03-05T11:46:39Z">
          <reporter-output>
          </reporter-output>
        </test-method> <!-- tearDown -->
        <test-method status="SKIP" signature="launchBrowser()[pri:0, instance:com.example.ProjectTest@4e718207]" name="launchBrowser" is-config="true" duration-ms="0" started-at="2018-03-05T11:46:39Z" finished-at="2018-03-05T11:46:39Z">
          <reporter-output>
          </reporter-output>
        </test-method> <!-- launchBrowser -->
        <test-method status="SKIP" signature="reportSetUp(java.lang.reflect.Method)[pri:0, instance:com.example.ProjectTest@4e718207]" name="reportSetUp" is-config="true" duration-ms="0" started-at="2018-03-05T11:46:39Z" finished-at="2018-03-05T11:46:39Z">
          <reporter-output>
          </reporter-output>
        </test-method> <!-- reportSetUp -->
        <test-method status="SKIP" signature="setUp()[pri:0, instance:com.example.ProjectTest@4e718207]" name="setUp" is-config="true" duration-ms="0" started-at="2018-03-05T11:46:39Z" finished-at="2018-03-05T11:46:39Z">
          <reporter-output>
          </reporter-output>
        </test-method> <!-- setUp -->
        <test-method status="SKIP" signature="testVerifyHomePageTitle()[pri:0, instance:com.example.ProjectTest@4e718207]" name="testVerifyHomePageTitle" duration-ms="6" started-at="2018-03-05T11:46:39Z" finished-at="2018-03-05T11:46:39Z">
          <reporter-output>
          </reporter-output>
        </test-method> <!-- testVerifyHomePageTitle -->
        <test-method status="SKIP" signature="afterMethod(org.testng.ITestResult)[pri:0, instance:com.example.ProjectTest@4e718207]" name="afterMethod" is-config="true" duration-ms="0" started-at="2018-03-05T11:46:39Z" finished-at="2018-03-05T11:46:39Z">
          <reporter-output>
          </reporter-output>
        </test-method> <!-- afterMethod -->
        <test-method status="SKIP" signature="tearDown()[pri:0, instance:com.example.ProjectTest@4e718207]" name="tearDown" is-config="true" duration-ms="0" started-at="2018-03-05T11:46:39Z" finished-at="2018-03-05T11:46:39Z">
          <reporter-output>
          </reporter-output>
        </test-method> <!-- tearDown -->
        <test-method status="PASS" signature="endTest()[pri:0, instance:com.example.ProjectTest@4e718207]" name="endTest" is-config="true" duration-ms="521" started-at="2018-03-05T11:46:39Z" finished-at="2018-03-05T11:46:39Z">
          <reporter-output>
          </reporter-output>
        </test-method> <!-- endTest -->
      </class> <!-- com.example.ProjectTest -->
    </test> <!-- Default test -->
  </suite> <!-- Default suite -->
</testng-results>
