<?xml version="1.0" encoding="UTF-8"?>
<!-- Generated by org.testng.reporters.JUnitXMLReporter -->
<testsuite hostname="INGUEUCLP000666" name="Login Test" tests="2" failures="1" timestamp="20 Feb 2018 11:19:46 GMT" time="10.193" errors="0">
  <testcase name="@AfterMethod tearDown" time="0.0" classname="com.example.ProjectTest">
    <failure type="java.lang.NullPointerException">
      <![CDATA[java.lang.NullPointerException
	at com.example.ProjectTest.tearDown(ProjectTest.java:77)
... Removed 26 stack frames]]>
    </failure>
  </testcase> <!-- @AfterMethod tearDown -->
  <testcase name="@BeforeMethod setUp" time="0.0" classname="com.example.ProjectTest">
    <skipped/>
  </testcase> <!-- @BeforeMethod setUp -->
  <testcase name="@AfterMethod tearDown" time="0.0" classname="com.example.ProjectTest">
    <skipped/>
  </testcase> <!-- @AfterMethod tearDown -->
  <testcase name="testLoginIntoFreeCRM" time="6.418" classname="com.example.ProjectTest">
    <failure type="java.lang.NullPointerException">
      <![CDATA[java.lang.NullPointerException
	at com.example.ProjectTest.testLoginIntoFreeCRM(ProjectTest.java:46)
... Removed 24 stack frames]]>
    </failure>
  </testcase> <!-- testLoginIntoFreeCRM -->
  <testcase name="testVerifyHomePageTitle" time="0.003" classname="com.example.ProjectTest">
    <skipped/>
  </testcase> <!-- testVerifyHomePageTitle -->
</testsuite> <!-- Login Test -->
